@ Aligning 2030_57_O...
Looking to launch executable "/gpfs1/sw/rh9/pkgs/bwa-mem2/2.2.1/bwa-mem2.avx2", simd = .avx2
Launching executable "/gpfs1/sw/rh9/pkgs/bwa-mem2/2.2.1/bwa-mem2.avx2"
-----------------------------
Executing in AVX2 mode!!
-----------------------------
* SA compression enabled with xfactor: 8
* Ref file: /gpfs1/cl/ecogen/pbio6800/PopulationGenomics/ref_genome/Pmariana/Pmariana1.0-genome_reduced.fa
* Entering FMI_search
* Index file found. Loading index from /gpfs1/cl/ecogen/pbio6800/PopulationGenomics/ref_genome/Pmariana/Pmariana1.0-genome_reduced.fa.bwt.2bit.64
* Reference seq len for bi-index = 5855199825
* sentinel-index: 2317116625
* Count:
0,	1
1,	1783324060
2,	2927599913
3,	4071875766
4,	5855199825

* Reading other elements of the index from files /gpfs1/cl/ecogen/pbio6800/PopulationGenomics/ref_genome/Pmariana/Pmariana1.0-genome_reduced.fa
* Index prefix: /gpfs1/cl/ecogen/pbio6800/PopulationGenomics/ref_genome/Pmariana/Pmariana1.0-genome_reduced.fa
* Read 0 ALT contigs
* Done reading Index!!
* Reading reference genome..
* Binary seq file = /gpfs1/cl/ecogen/pbio6800/PopulationGenomics/ref_genome/Pmariana/Pmariana1.0-genome_reduced.fa.0123
* Reference genome size: 5855199824 bp
* Done reading reference genome !!

------------------------------------------
1. Memory pre-allocation for Chaining: 1393.3971 MB
2. Memory pre-allocation for BSW: 2396.1702 MB
3. Memory pre-allocation for BWT: 773.1418 MB
------------------------------------------
* Threads used (compute): 10
* No. of pipeline threads: 2

[0000] read_chunk: 100000000, work_chunk_size: 100000152, nseq: 730266
	[0000][ M::kt_pipeline] read 730266 sequences (100000152 bp)...
[0000] Reallocating initial memory allocations!!
[0000] Calling mem_process_seqs.., task: 0
[0000] 1. Calling kt_for - worker_bwt
[0000] read_chunk: 100000000, work_chunk_size: 100000044, nseq: 730424
	[0000][ M::kt_pipeline] read 730424 sequences (100000044 bp)...
[0000] 2. Calling kt_for - worker_aln
[0000] Inferring insert size distribution of PE reads from data, l_pac: 2927599912, n: 730266
[0000][PE] # candidate unique pairs for (FF, FR, RF, RR): (26, 158218, 119, 30)
[0000][PE] analyzing insert size distribution for orientation FF...
[0000][PE] (25, 50, 75) percentile: (529, 1844, 4735)
[0000][PE] low and high boundaries for computing mean and std.dev: (1, 13147)
[0000][PE] mean and std.dev: (3010.58, 3205.40)
[0000][PE] low and high boundaries for proper pairs: (1, 17353)
[0000][PE] analyzing insert size distribution for orientation FR...
[0000][PE] (25, 50, 75) percentile: (330, 411, 506)
[0000][PE] low and high boundaries for computing mean and std.dev: (1, 858)
[0000][PE] mean and std.dev: (421.86, 132.74)
[0000][PE] low and high boundaries for proper pairs: (1, 1034)
[0000][PE] analyzing insert size distribution for orientation RF...
[0000][PE] (25, 50, 75) percentile: (362, 2043, 5779)
[0000][PE] low and high boundaries for computing mean and std.dev: (1, 16613)
[0000][PE] mean and std.dev: (3121.42, 2953.51)
[0000][PE] low and high boundaries for proper pairs: (1, 22030)
[0000][PE] analyzing insert size distribution for orientation RR...
[0000][PE] (25, 50, 75) percentile: (320, 1604, 4635)
[0000][PE] low and high boundaries for computing mean and std.dev: (1, 13265)
[0000][PE] mean and std.dev: (2431.77, 2400.42)
[0000][PE] low and high boundaries for proper pairs: (1, 17580)
[0000][PE] skip orientation FF
[0000][PE] skip orientation RF
[0000][PE] skip orientation RR
[0000] 3. Calling kt_for - worker_sam
	[0000][ M::mem_process_seqs] Processed 730266 reads in 216.838 CPU sec, 22.280 real sec
[0000] Reallocating initial memory allocations!!
[0000] Calling mem_process_seqs.., task: 1
[0000] 1. Calling kt_for - worker_bwt
[0000] read_chunk: 100000000, work_chunk_size: 100000199, nseq: 732204
	[0000][ M::kt_pipeline] read 732204 sequences (100000199 bp)...
[0000] 2. Calling kt_for - worker_aln
[0000] Inferring insert size distribution of PE reads from data, l_pac: 2927599912, n: 730424
[0000][PE] # candidate unique pairs for (FF, FR, RF, RR): (34, 157464, 114, 35)
[0000][PE] analyzing insert size distribution for orientation FF...
[0000][PE] (25, 50, 75) percentile: (322, 1857, 4917)
[0000][PE] low and high boundaries for computing mean and std.dev: (1, 14107)
[0000][PE] mean and std.dev: (2848.71, 2973.26)
[0000][PE] low and high boundaries for proper pairs: (1, 18702)
[0000][PE] analyzing insert size distribution for orientation FR...
[0000][PE] (25, 50, 75) percentile: (331, 412, 508)
[0000][PE] low and high boundaries for computing mean and std.dev: (1, 862)
[0000][PE] mean and std.dev: (422.90, 133.40)
[0000][PE] low and high boundaries for proper pairs: (1, 1039)
[0000][PE] analyzing insert size distribution for orientation RF...
[0000][PE] (25, 50, 75) percentile: (294, 1948, 3906)
[0000][PE] low and high boundaries for computing mean and std.dev: (1, 11130)
[0000][PE] mean and std.dev: (2695.79, 2791.14)
[0000][PE] low and high boundaries for proper pairs: (1, 14742)
[0000][PE] analyzing insert size distribution for orientation RR...
[0000][PE] (25, 50, 75) percentile: (342, 526, 1804)
[0000][PE] low and high boundaries for computing mean and std.dev: (1, 4728)
[0000][PE] mean and std.dev: (960.12, 1085.91)
[0000][PE] low and high boundaries for proper pairs: (1, 6190)
[0000][PE] skip orientation FF
[0000][PE] skip orientation RF
[0000][PE] skip orientation RR
[0000] 3. Calling kt_for - worker_sam
	[0000][ M::mem_process_seqs] Processed 730424 reads in 218.594 CPU sec, 22.379 real sec
[0000] Reallocating initial memory allocations!!
[0000] Calling mem_process_seqs.., task: 2
[0000] 1. Calling kt_for - worker_bwt
[0000] read_chunk: 100000000, work_chunk_size: 100000030, nseq: 732488
	[0000][ M::kt_pipeline] read 732488 sequences (100000030 bp)...
[0000] 2. Calling kt_for - worker_aln
[0000] Inferring insert size distribution of PE reads from data, l_pac: 2927599912, n: 732204
[0000][PE] # candidate unique pairs for (FF, FR, RF, RR): (31, 157379, 153, 31)
[0000][PE] analyzing insert size distribution for orientation FF...
[0000][PE] (25, 50, 75) percentile: (482, 1115, 2906)
[0000][PE] low and high boundaries for computing mean and std.dev: (1, 7754)
[0000][PE] mean and std.dev: (1742.77, 1618.54)
[0000][PE] low and high boundaries for proper pairs: (1, 10178)
[0000][PE] analyzing insert size distribution for orientation FR...
[0000][PE] (25, 50, 75) percentile: (332, 414, 509)
[0000][PE] low and high boundaries for computing mean and std.dev: (1, 863)
[0000][PE] mean and std.dev: (424.08, 132.67)
[0000][PE] low and high boundaries for proper pairs: (1, 1040)
[0000][PE] analyzing insert size distribution for orientation RF...
[0000][PE] (25, 50, 75) percentile: (170, 1939, 4988)
[0000][PE] low and high boundaries for computing mean and std.dev: (1, 14624)
[0000][PE] mean and std.dev: (2827.99, 2823.36)
[0000][PE] low and high boundaries for proper pairs: (1, 19442)
[0000][PE] analyzing insert size distribution for orientation RR...
[0000][PE] (25, 50, 75) percentile: (466, 1604, 4697)
[0000][PE] low and high boundaries for computing mean and std.dev: (1, 13159)
[0000][PE] mean and std.dev: (2503.39, 2350.33)
[0000][PE] low and high boundaries for proper pairs: (1, 17390)
[0000][PE] skip orientation FF
[0000][PE] skip orientation RF
[0000][PE] skip orientation RR
[0000] 3. Calling kt_for - worker_sam
	[0000][ M::mem_process_seqs] Processed 732204 reads in 220.204 CPU sec, 22.406 real sec
[0000] Reallocating initial memory allocations!!
[0000] Calling mem_process_seqs.., task: 3
[0000] 1. Calling kt_for - worker_bwt
[0000] read_chunk: 100000000, work_chunk_size: 100000137, nseq: 732460
	[0000][ M::kt_pipeline] read 732460 sequences (100000137 bp)...
[0000] 2. Calling kt_for - worker_aln
[0000] Inferring insert size distribution of PE reads from data, l_pac: 2927599912, n: 732488
[0000][PE] # candidate unique pairs for (FF, FR, RF, RR): (35, 157278, 135, 28)
[0000][PE] analyzing insert size distribution for orientation FF...
[0000][PE] (25, 50, 75) percentile: (352, 1806, 4605)
[0000][PE] low and high boundaries for computing mean and std.dev: (1, 13111)
[0000][PE] mean and std.dev: (2349.00, 2220.76)
[0000][PE] low and high boundaries for proper pairs: (1, 17364)
[0000][PE] analyzing insert size distribution for orientation FR...
[0000][PE] (25, 50, 75) percentile: (335, 416, 512)
[0000][PE] low and high boundaries for computing mean and std.dev: (1, 866)
[0000][PE] mean and std.dev: (427.05, 133.79)
[0000][PE] low and high boundaries for proper pairs: (1, 1043)
[0000][PE] analyzing insert size distribution for orientation RF...
[0000][PE] (25, 50, 75) percentile: (172, 1843, 4322)
[0000][PE] low and high boundaries for computing mean and std.dev: (1, 12622)
[0000][PE] mean and std.dev: (2817.53, 2868.92)
[0000][PE] low and high boundaries for proper pairs: (1, 16772)
[0000][PE] analyzing insert size distribution for orientation RR...
[0000][PE] (25, 50, 75) percentile: (400, 1817, 4689)
[0000][PE] low and high boundaries for computing mean and std.dev: (1, 13267)
[0000][PE] mean and std.dev: (2642.46, 2654.27)
[0000][PE] low and high boundaries for proper pairs: (1, 17556)
[0000][PE] skip orientation FF
[0000][PE] skip orientation RF
[0000][PE] skip orientation RR
[0000] 3. Calling kt_for - worker_sam
	[0000][ M::mem_process_seqs] Processed 732488 reads in 221.247 CPU sec, 22.547 real sec
[0000] Calling mem_process_seqs.., task: 4
[0000] 1. Calling kt_for - worker_bwt
[0000] read_chunk: 100000000, work_chunk_size: 100000255, nseq: 731720
	[0000][ M::kt_pipeline] read 731720 sequences (100000255 bp)...
[0000] 2. Calling kt_for - worker_aln
[0000] Inferring insert size distribution of PE reads from data, l_pac: 2927599912, n: 732460
[0000][PE] # candidate unique pairs for (FF, FR, RF, RR): (22, 159364, 127, 36)
[0000][PE] analyzing insert size distribution for orientation FF...
[0000][PE] (25, 50, 75) percentile: (332, 531, 1261)
[0000][PE] low and high boundaries for computing mean and std.dev: (1, 3119)
[0000][PE] mean and std.dev: (685.61, 646.56)
[0000][PE] low and high boundaries for proper pairs: (1, 4048)
[0000][PE] analyzing insert size distribution for orientation FR...
[0000][PE] (25, 50, 75) percentile: (326, 405, 497)
[0000][PE] low and high boundaries for computing mean and std.dev: (1, 839)
[0000][PE] mean and std.dev: (414.23, 128.82)
[0000][PE] low and high boundaries for proper pairs: (1, 1010)
[0000][PE] analyzing insert size distribution for orientation RF...
[0000][PE] (25, 50, 75) percentile: (251, 2551, 5963)
[0000][PE] low and high boundaries for computing mean and std.dev: (1, 17387)
[0000][PE] mean and std.dev: (3350.37, 3091.96)
[0000][PE] low and high boundaries for proper pairs: (1, 23099)
[0000][PE] analyzing insert size distribution for orientation RR...
[0000][PE] (25, 50, 75) percentile: (316, 760, 4497)
[0000][PE] low and high boundaries for computing mean and std.dev: (1, 12859)
[0000][PE] mean and std.dev: (2434.03, 2711.28)
[0000][PE] low and high boundaries for proper pairs: (1, 17040)
[0000][PE] skip orientation FF
[0000][PE] skip orientation RF
[0000][PE] skip orientation RR
[0000] 3. Calling kt_for - worker_sam
	[0000][ M::mem_process_seqs] Processed 732460 reads in 216.975 CPU sec, 22.067 real sec
[0000] Calling mem_process_seqs.., task: 5
[0000] 1. Calling kt_for - worker_bwt
[0000] read_chunk: 100000000, work_chunk_size: 100000137, nseq: 733864
	[0000][ M::kt_pipeline] read 733864 sequences (100000137 bp)...
[0000] 2. Calling kt_for - worker_aln
[0000] Inferring insert size distribution of PE reads from data, l_pac: 2927599912, n: 731720
[0000][PE] # candidate unique pairs for (FF, FR, RF, RR): (18, 159589, 126, 25)
[0000][PE] analyzing insert size distribution for orientation FF...
[0000][PE] (25, 50, 75) percentile: (410, 2027, 4749)
[0000][PE] low and high boundaries for computing mean and std.dev: (1, 13427)
[0000][PE] mean and std.dev: (2264.83, 2063.27)
[0000][PE] low and high boundaries for proper pairs: (1, 17766)
[0000][PE] analyzing insert size distribution for orientation FR...
[0000][PE] (25, 50, 75) percentile: (321, 399, 489)
[0000][PE] low and high boundaries for computing mean and std.dev: (1, 825)
[0000][PE] mean and std.dev: (408.31, 126.68)
[0000][PE] low and high boundaries for proper pairs: (1, 993)
[0000][PE] analyzing insert size distribution for orientation RF...
[0000][PE] (25, 50, 75) percentile: (133, 1389, 4237)
[0000][PE] low and high boundaries for computing mean and std.dev: (1, 12445)
[0000][PE] mean and std.dev: (2603.98, 2964.01)
[0000][PE] low and high boundaries for proper pairs: (1, 16549)
[0000][PE] analyzing insert size distribution for orientation RR...
[0000][PE] (25, 50, 75) percentile: (316, 881, 3834)
[0000][PE] low and high boundaries for computing mean and std.dev: (1, 10870)
[0000][PE] mean and std.dev: (1606.60, 1691.78)
[0000][PE] low and high boundaries for proper pairs: (1, 14388)
[0000][PE] skip orientation FF
[0000][PE] skip orientation RF
[0000][PE] skip orientation RR
[0000] 3. Calling kt_for - worker_sam
	[0000][ M::mem_process_seqs] Processed 731720 reads in 213.878 CPU sec, 21.988 real sec
[0000] Reallocating initial memory allocations!!
[0000] Calling mem_process_seqs.., task: 6
[0000] 1. Calling kt_for - worker_bwt
[0000] read_chunk: 100000000, work_chunk_size: 59823305, nseq: 440098
	[0000][ M::kt_pipeline] read 440098 sequences (59823305 bp)...
[0000] 2. Calling kt_for - worker_aln
[0000] Inferring insert size distribution of PE reads from data, l_pac: 2927599912, n: 733864
[0000][PE] # candidate unique pairs for (FF, FR, RF, RR): (31, 160185, 109, 27)
[0000][PE] analyzing insert size distribution for orientation FF...
[0000][PE] (25, 50, 75) percentile: (433, 2370, 4397)
[0000][PE] low and high boundaries for computing mean and std.dev: (1, 12325)
[0000][PE] mean and std.dev: (2414.90, 2270.85)
[0000][PE] low and high boundaries for proper pairs: (1, 16289)
[0000][PE] analyzing insert size distribution for orientation FR...
[0000][PE] (25, 50, 75) percentile: (319, 398, 489)
[0000][PE] low and high boundaries for computing mean and std.dev: (1, 829)
[0000][PE] mean and std.dev: (407.24, 126.92)
[0000][PE] low and high boundaries for proper pairs: (1, 999)
[0000][PE] analyzing insert size distribution for orientation RF...
[0000][PE] (25, 50, 75) percentile: (244, 2012, 4958)
[0000][PE] low and high boundaries for computing mean and std.dev: (1, 14386)
[0000][PE] mean and std.dev: (2830.11, 2786.90)
[0000][PE] low and high boundaries for proper pairs: (1, 19100)
[0000][PE] analyzing insert size distribution for orientation RR...
[0000][PE] (25, 50, 75) percentile: (469, 867, 4489)
[0000][PE] low and high boundaries for computing mean and std.dev: (1, 12529)
[0000][PE] mean and std.dev: (2139.52, 2076.07)
[0000][PE] low and high boundaries for proper pairs: (1, 16549)
[0000][PE] skip orientation FF
[0000][PE] skip orientation RF
[0000][PE] skip orientation RR
[0000] 3. Calling kt_for - worker_sam
	[0000][ M::mem_process_seqs] Processed 733864 reads in 213.381 CPU sec, 22.097 real sec
[0000] Calling mem_process_seqs.., task: 7
[0000] 1. Calling kt_for - worker_bwt
[0000] read_chunk: 100000000, work_chunk_size: 0, nseq: 0
[0000] 2. Calling kt_for - worker_aln
[0000] Inferring insert size distribution of PE reads from data, l_pac: 2927599912, n: 440098
[0000][PE] # candidate unique pairs for (FF, FR, RF, RR): (11, 96284, 65, 19)
[0000][PE] analyzing insert size distribution for orientation FF...
[0000][PE] (25, 50, 75) percentile: (410, 529, 4238)
[0000][PE] low and high boundaries for computing mean and std.dev: (1, 11894)
[0000][PE] mean and std.dev: (2279.36, 2252.18)
[0000][PE] low and high boundaries for proper pairs: (1, 15722)
[0000][PE] analyzing insert size distribution for orientation FR...
[0000][PE] (25, 50, 75) percentile: (320, 396, 486)
[0000][PE] low and high boundaries for computing mean and std.dev: (1, 818)
[0000][PE] mean and std.dev: (405.99, 125.54)
[0000][PE] low and high boundaries for proper pairs: (1, 984)
[0000][PE] analyzing insert size distribution for orientation RF...
[0000][PE] (25, 50, 75) percentile: (234, 1389, 4231)
[0000][PE] low and high boundaries for computing mean and std.dev: (1, 12225)
[0000][PE] mean and std.dev: (2565.60, 2681.83)
[0000][PE] low and high boundaries for proper pairs: (1, 16222)
[0000][PE] analyzing insert size distribution for orientation RR...
[0000][PE] (25, 50, 75) percentile: (342, 611, 1604)
[0000][PE] low and high boundaries for computing mean and std.dev: (1, 4128)
[0000][PE] mean and std.dev: (499.60, 385.49)
[0000][PE] low and high boundaries for proper pairs: (1, 5390)
[0000][PE] skip orientation FF
[0000][PE] skip orientation RF
[0000][PE] skip orientation RR
[0000] 3. Calling kt_for - worker_sam
	[0000][ M::mem_process_seqs] Processed 440098 reads in 127.543 CPU sec, 13.273 real sec
[0000] read_chunk: 100000000, work_chunk_size: 0, nseq: 0
[0000] Computation ends..
No. of OMP threads: 10
Processor is running @2445.488987 MHz
Runtime profile:

	Time taken for main_mem function: 173.54 sec

	IO times (sec) :
	Reading IO time (reads) avg: 12.73, (12.73, 12.73)
	Writing IO time (SAM) avg: 6.69, (6.69, 6.69)
	Reading IO time (Reference Genome) avg: 0.90, (0.90, 0.90)
	Index read time avg: 1.80, (1.80, 1.80)

	Overall time (sec) (Excluding Index reading time):
	PROCESS() (Total compute time + (read + SAM) IO time) : 170.80
	MEM_PROCESS_SEQ() (Total compute time (Kernel + SAM)), avg: 169.03, (169.03, 169.03)

	 SAM Processing time (sec):
	--WORKER_SAM avg: 75.30, (75.30, 75.30)

	Kernels' compute time (sec):
	Total kernel (smem+sal+bsw) time avg: 93.39, (93.39, 93.39)
		SMEM compute avg: 34.22, (34.40, 33.99)
		SAL compute avg: 12.24, (12.54, 12.13)
				MEM_SA avg: 4.64, (4.71, 4.58)

		BSW time, avg: 42.60, (42.65, 42.54)

Important parameter settings: 
	BATCH_SIZE: 512
	MAX_SEQ_LEN_REF: 256
	MAX_SEQ_LEN_QER: 128
	MAX_SEQ_LEN8: 128
	SEEDS_PER_READ: 500
	SIMD_WIDTH8 X: 32
	SIMD_WIDTH16 X: 16
	AVG_SEEDS_PER_READ: 64
bash: process_bams.sh: No such file or directory
