@ Aligning 2030_1_F...
Looking to launch executable "/gpfs1/sw/rh9/pkgs/bwa-mem2/2.2.1/bwa-mem2.avx512bw", simd = .avx512bw
Launching executable "/gpfs1/sw/rh9/pkgs/bwa-mem2/2.2.1/bwa-mem2.avx512bw"

Please verify that both the operating system and the processor support Intel(R) X87, CMOV, MMX, FXSAVE, SSE, SSE2, SSE3, SSSE3, SSE4_1, SSE4_2, MOVBE, POPCNT, F16C, AVX, FMA, BMI, LZCNT, AVX2, AVX512DQ, AVX512F, ADX, AVX512CD, AVX512BW, AVX512VL and CLWB instructions.

@ Aligning 2030_3_H...
Looking to launch executable "/gpfs1/sw/rh9/pkgs/bwa-mem2/2.2.1/bwa-mem2.avx512bw", simd = .avx512bw
Launching executable "/gpfs1/sw/rh9/pkgs/bwa-mem2/2.2.1/bwa-mem2.avx512bw"

Please verify that both the operating system and the processor support Intel(R) X87, CMOV, MMX, FXSAVE, SSE, SSE2, SSE3, SSSE3, SSE4_1, SSE4_2, MOVBE, POPCNT, F16C, AVX, FMA, BMI, LZCNT, AVX2, AVX512DQ, AVX512F, ADX, AVX512CD, AVX512BW, AVX512VL and CLWB instructions.

@ Aligning 2030_4_J...
Looking to launch executable "/gpfs1/sw/rh9/pkgs/bwa-mem2/2.2.1/bwa-mem2.avx512bw", simd = .avx512bw
Launching executable "/gpfs1/sw/rh9/pkgs/bwa-mem2/2.2.1/bwa-mem2.avx512bw"

Please verify that both the operating system and the processor support Intel(R) X87, CMOV, MMX, FXSAVE, SSE, SSE2, SSE3, SSSE3, SSE4_1, SSE4_2, MOVBE, POPCNT, F16C, AVX, FMA, BMI, LZCNT, AVX2, AVX512DQ, AVX512F, ADX, AVX512CD, AVX512BW, AVX512VL and CLWB instructions.

@ Aligning 2030_56_O...
Looking to launch executable "/gpfs1/sw/rh9/pkgs/bwa-mem2/2.2.1/bwa-mem2.avx512bw", simd = .avx512bw
Launching executable "/gpfs1/sw/rh9/pkgs/bwa-mem2/2.2.1/bwa-mem2.avx512bw"

Please verify that both the operating system and the processor support Intel(R) X87, CMOV, MMX, FXSAVE, SSE, SSE2, SSE3, SSSE3, SSE4_1, SSE4_2, MOVBE, POPCNT, F16C, AVX, FMA, BMI, LZCNT, AVX2, AVX512DQ, AVX512F, ADX, AVX512CD, AVX512BW, AVX512VL and CLWB instructions.

@ Aligning 2030_57_O...
Looking to launch executable "/gpfs1/sw/rh9/pkgs/bwa-mem2/2.2.1/bwa-mem2.avx512bw", simd = .avx512bw
Launching executable "/gpfs1/sw/rh9/pkgs/bwa-mem2/2.2.1/bwa-mem2.avx512bw"

Please verify that both the operating system and the processor support Intel(R) X87, CMOV, MMX, FXSAVE, SSE, SSE2, SSE3, SSSE3, SSE4_1, SSE4_2, MOVBE, POPCNT, F16C, AVX, FMA, BMI, LZCNT, AVX2, AVX512DQ, AVX512F, ADX, AVX512CD, AVX512BW, AVX512VL and CLWB instructions.

@ Aligning 2030_58_K...
Looking to launch executable "/gpfs1/sw/rh9/pkgs/bwa-mem2/2.2.1/bwa-mem2.avx512bw", simd = .avx512bw
Launching executable "/gpfs1/sw/rh9/pkgs/bwa-mem2/2.2.1/bwa-mem2.avx512bw"

Please verify that both the operating system and the processor support Intel(R) X87, CMOV, MMX, FXSAVE, SSE, SSE2, SSE3, SSSE3, SSE4_1, SSE4_2, MOVBE, POPCNT, F16C, AVX, FMA, BMI, LZCNT, AVX2, AVX512DQ, AVX512F, ADX, AVX512CD, AVX512BW, AVX512VL and CLWB instructions.

@ Aligning 2030_59_N...
Looking to launch executable "/gpfs1/sw/rh9/pkgs/bwa-mem2/2.2.1/bwa-mem2.avx512bw", simd = .avx512bw
Launching executable "/gpfs1/sw/rh9/pkgs/bwa-mem2/2.2.1/bwa-mem2.avx512bw"

Please verify that both the operating system and the processor support Intel(R) X87, CMOV, MMX, FXSAVE, SSE, SSE2, SSE3, SSSE3, SSE4_1, SSE4_2, MOVBE, POPCNT, F16C, AVX, FMA, BMI, LZCNT, AVX2, AVX512DQ, AVX512F, ADX, AVX512CD, AVX512BW, AVX512VL and CLWB instructions.

@ Aligning 2030_60_L...
Looking to launch executable "/gpfs1/sw/rh9/pkgs/bwa-mem2/2.2.1/bwa-mem2.avx512bw", simd = .avx512bw
Launching executable "/gpfs1/sw/rh9/pkgs/bwa-mem2/2.2.1/bwa-mem2.avx512bw"

Please verify that both the operating system and the processor support Intel(R) X87, CMOV, MMX, FXSAVE, SSE, SSE2, SSE3, SSSE3, SSE4_1, SSE4_2, MOVBE, POPCNT, F16C, AVX, FMA, BMI, LZCNT, AVX2, AVX512DQ, AVX512F, ADX, AVX512CD, AVX512BW, AVX512VL and CLWB instructions.

bash: process_bams.sh: No such file or directory
[E::hts_open_format] Failed to open file "/gpfs1/cl/ecogen/pbio6800/PopulationGenomics/bams/2030*.sorted.rmdup.bam" : No such file or directory
samtools flagstat: Cannot open input file "/gpfs1/cl/ecogen/pbio6800/PopulationGenomics/bams/2030*.sorted.rmdup.bam": No such file or directory
[E::hts_open_format] Failed to open file "/gpfs1/cl/ecogen/pbio6800/PopulationGenomics/bams/2030*.sorted.rmdup.bam" : No such file or directory
samtools depth: Cannot open input file "/gpfs1/cl/ecogen/pbio6800/PopulationGenomics/bams/2030*.sorted.rmdup.bam": No such file or directory
awk: cmd. line:1: fatal: division by zero attempted
