
sambamba 1.0.1
 by Artem Tarasov and Pjotr Prins (C) 2012-2023
    LDC 1.32.0 / DMD v2.102.2 / LLVM14.0.6 / bootstrap LDC - the LLVM D compiler (1.32.0)


sambamba 1.0.1
 by Artem Tarasov and Pjotr Prins (C) 2012-2023
    LDC 1.32.0 / DMD v2.102.2 / LLVM14.0.6 / bootstrap LDC - the LLVM D compiler (1.32.0)


sambamba 1.0.1
 by Artem Tarasov and Pjotr Prins (C) 2012-2023
    LDC 1.32.0 / DMD v2.102.2 / LLVM14.0.6 / bootstrap LDC - the LLVM D compiler (1.32.0)


sambamba 1.0.1
 by Artem Tarasov and Pjotr Prins (C) 2012-2023
    LDC 1.32.0 / DMD v2.102.2 / LLVM14.0.6 / bootstrap LDC - the LLVM D compiler (1.32.0)


sambamba 1.0.1
 by Artem Tarasov and Pjotr Prins (C) 2012-2023
    LDC 1.32.0 / DMD v2.102.2 / LLVM14.0.6 / bootstrap LDC - the LLVM D compiler (1.32.0)


sambamba 1.0.1
 by Artem Tarasov and Pjotr Prins (C) 2012-2023
    LDC 1.32.0 / DMD v2.102.2 / LLVM14.0.6 / bootstrap LDC - the LLVM D compiler (1.32.0)


sambamba 1.0.1
 by Artem Tarasov and Pjotr Prins (C) 2012-2023
    LDC 1.32.0 / DMD v2.102.2 / LLVM14.0.6 / bootstrap LDC - the LLVM D compiler (1.32.0)


sambamba 1.0.1
 by Artem Tarasov and Pjotr Prins (C) 2012-2023
    LDC 1.32.0 / DMD v2.102.2 / LLVM14.0.6 / bootstrap LDC - the LLVM D compiler (1.32.0)


sambamba 1.0.1
 by Artem Tarasov and Pjotr Prins (C) 2012-2023
    LDC 1.32.0 / DMD v2.102.2 / LLVM14.0.6 / bootstrap LDC - the LLVM D compiler (1.32.0)


sambamba 1.0.1
 by Artem Tarasov and Pjotr Prins (C) 2012-2023
    LDC 1.32.0 / DMD v2.102.2 / LLVM14.0.6 / bootstrap LDC - the LLVM D compiler (1.32.0)

/var/spool/slurm/d/job1443307/slurm_script: line 20: 1318363 Killed                  sambamba sort -t 10 --tmpdir=/users/s/r/srkeller/scratch ${NAME}.bam -o ${NAME}.sorted.bam

sambamba 1.0.1
 by Artem Tarasov and Pjotr Prins (C) 2012-2023
    LDC 1.32.0 / DMD v2.102.2 / LLVM14.0.6 / bootstrap LDC - the LLVM D compiler (1.32.0)


sambamba 1.0.1
 by Artem Tarasov and Pjotr Prins (C) 2012-2023
    LDC 1.32.0 / DMD v2.102.2 / LLVM14.0.6 / bootstrap LDC - the LLVM D compiler (1.32.0)


sambamba 1.0.1
 by Artem Tarasov and Pjotr Prins (C) 2012-2023
    LDC 1.32.0 / DMD v2.102.2 / LLVM14.0.6 / bootstrap LDC - the LLVM D compiler (1.32.0)


sambamba 1.0.1
 by Artem Tarasov and Pjotr Prins (C) 2012-2023
    LDC 1.32.0 / DMD v2.102.2 / LLVM14.0.6 / bootstrap LDC - the LLVM D compiler (1.32.0)


sambamba 1.0.1
 by Artem Tarasov and Pjotr Prins (C) 2012-2023
    LDC 1.32.0 / DMD v2.102.2 / LLVM14.0.6 / bootstrap LDC - the LLVM D compiler (1.32.0)


sambamba 1.0.1
 by Artem Tarasov and Pjotr Prins (C) 2012-2023
    LDC 1.32.0 / DMD v2.102.2 / LLVM14.0.6 / bootstrap LDC - the LLVM D compiler (1.32.0)


sambamba 1.0.1
 by Artem Tarasov and Pjotr Prins (C) 2012-2023
    LDC 1.32.0 / DMD v2.102.2 / LLVM14.0.6 / bootstrap LDC - the LLVM D compiler (1.32.0)

finding positions of the duplicate reads in the file...
  sorted 1824136 end pairs
     and 76341 single ends (among them 0 unmatched pairs)
  collecting indices of duplicate reads...   done in 364 ms
  found 1174573 duplicates
collected list of positions in 0 min 20 sec
removing duplicates...
collected list of positions in 1 min 10 sec

sambamba 1.0.1
 by Artem Tarasov and Pjotr Prins (C) 2012-2023
    LDC 1.32.0 / DMD v2.102.2 / LLVM14.0.6 / bootstrap LDC - the LLVM D compiler (1.32.0)

finding positions of the duplicate reads in the file...
  sorted 1894740 end pairs
     and 72506 single ends (among them 0 unmatched pairs)
  collecting indices of duplicate reads...   done in 393 ms
  found 1383601 duplicates
collected list of positions in 0 min 20 sec
removing duplicates...
collected list of positions in 1 min 9 sec

sambamba 1.0.1
 by Artem Tarasov and Pjotr Prins (C) 2012-2023
    LDC 1.32.0 / DMD v2.102.2 / LLVM14.0.6 / bootstrap LDC - the LLVM D compiler (1.32.0)

finding positions of the duplicate reads in the file...
  sorted 1840993 end pairs
     and 93974 single ends (among them 0 unmatched pairs)
  collecting indices of duplicate reads...   done in 365 ms
  found 1136768 duplicates
collected list of positions in 0 min 21 sec
removing duplicates...
collected list of positions in 1 min 15 sec

sambamba 1.0.1
 by Artem Tarasov and Pjotr Prins (C) 2012-2023
    LDC 1.32.0 / DMD v2.102.2 / LLVM14.0.6 / bootstrap LDC - the LLVM D compiler (1.32.0)

finding positions of the duplicate reads in the file...
  sorted 1817077 end pairs
     and 89233 single ends (among them 0 unmatched pairs)
  collecting indices of duplicate reads...   done in 357 ms
  found 1091957 duplicates
collected list of positions in 0 min 21 sec
removing duplicates...
collected list of positions in 1 min 15 sec

sambamba 1.0.1
 by Artem Tarasov and Pjotr Prins (C) 2012-2023
    LDC 1.32.0 / DMD v2.102.2 / LLVM14.0.6 / bootstrap LDC - the LLVM D compiler (1.32.0)

finding positions of the duplicate reads in the file...
  sorted 1754267 end pairs
     and 82866 single ends (among them 0 unmatched pairs)
  collecting indices of duplicate reads...   done in 338 ms
  found 1020618 duplicates
collected list of positions in 0 min 19 sec
removing duplicates...
collected list of positions in 1 min 10 sec

sambamba 1.0.1
 by Artem Tarasov and Pjotr Prins (C) 2012-2023
    LDC 1.32.0 / DMD v2.102.2 / LLVM14.0.6 / bootstrap LDC - the LLVM D compiler (1.32.0)

finding positions of the duplicate reads in the file...
  sorted 1864576 end pairs
     and 82068 single ends (among them 0 unmatched pairs)
  collecting indices of duplicate reads...   done in 370 ms
  found 1178203 duplicates
collected list of positions in 0 min 20 sec
removing duplicates...
collected list of positions in 1 min 12 sec

sambamba 1.0.1
 by Artem Tarasov and Pjotr Prins (C) 2012-2023
    LDC 1.32.0 / DMD v2.102.2 / LLVM14.0.6 / bootstrap LDC - the LLVM D compiler (1.32.0)

finding positions of the duplicate reads in the file...
  sorted 1416930 end pairs
     and 63466 single ends (among them 0 unmatched pairs)
  collecting indices of duplicate reads...   done in 274 ms
  found 796098 duplicates
collected list of positions in 0 min 15 sec
removing duplicates...
collected list of positions in 0 min 57 sec

sambamba 1.0.1
 by Artem Tarasov and Pjotr Prins (C) 2012-2023
    LDC 1.32.0 / DMD v2.102.2 / LLVM14.0.6 / bootstrap LDC - the LLVM D compiler (1.32.0)


Usage: sambamba [command] [args...]

  Available commands:

    view        view contents and convert from one format
                to another (SAM/BAM/JSON/UNPACK)
    index       build index (BAI)
    merge       merge files (BAM)
    sort        sort file (BAM)
    slice       slice file (BAM using BED)
    markdup     mark or remove duplicates (BAM)
    subsample   subsample (BAM)
    flagstat    output statistics (BAM)
    depth       output statistics (BAM)
    validate    simple validator (BAM)

  No longer recommended:

    mpileup     parallel execution of samtools (BAM)

To get help on a particular command, call it without args.

Global options

    -q          quiet mode (do not show banner)

For bug reports and feature requests see

       https://github.com/biod/


sambamba 1.0.1
 by Artem Tarasov and Pjotr Prins (C) 2012-2023
    LDC 1.32.0 / DMD v2.102.2 / LLVM14.0.6 / bootstrap LDC - the LLVM D compiler (1.32.0)


Usage: sambamba [command] [args...]

  Available commands:

    view        view contents and convert from one format
                to another (SAM/BAM/JSON/UNPACK)
    index       build index (BAI)
    merge       merge files (BAM)
    sort        sort file (BAM)
    slice       slice file (BAM using BED)
    markdup     mark or remove duplicates (BAM)
    subsample   subsample (BAM)
    flagstat    output statistics (BAM)
    depth       output statistics (BAM)
    validate    simple validator (BAM)

  No longer recommended:

    mpileup     parallel execution of samtools (BAM)

To get help on a particular command, call it without args.

Global options

    -q          quiet mode (do not show banner)

For bug reports and feature requests see

       https://github.com/biod/


sambamba 1.0.1
 by Artem Tarasov and Pjotr Prins (C) 2012-2023
    LDC 1.32.0 / DMD v2.102.2 / LLVM14.0.6 / bootstrap LDC - the LLVM D compiler (1.32.0)


Usage: sambamba [command] [args...]

  Available commands:

    view        view contents and convert from one format
                to another (SAM/BAM/JSON/UNPACK)
    index       build index (BAI)
    merge       merge files (BAM)
    sort        sort file (BAM)
    slice       slice file (BAM using BED)
    markdup     mark or remove duplicates (BAM)
    subsample   subsample (BAM)
    flagstat    output statistics (BAM)
    depth       output statistics (BAM)
    validate    simple validator (BAM)

  No longer recommended:

    mpileup     parallel execution of samtools (BAM)

To get help on a particular command, call it without args.

Global options

    -q          quiet mode (do not show banner)

For bug reports and feature requests see

       https://github.com/biod/


sambamba 1.0.1
 by Artem Tarasov and Pjotr Prins (C) 2012-2023
    LDC 1.32.0 / DMD v2.102.2 / LLVM14.0.6 / bootstrap LDC - the LLVM D compiler (1.32.0)


Usage: sambamba [command] [args...]

  Available commands:

    view        view contents and convert from one format
                to another (SAM/BAM/JSON/UNPACK)
    index       build index (BAI)
    merge       merge files (BAM)
    sort        sort file (BAM)
    slice       slice file (BAM using BED)
    markdup     mark or remove duplicates (BAM)
    subsample   subsample (BAM)
    flagstat    output statistics (BAM)
    depth       output statistics (BAM)
    validate    simple validator (BAM)

  No longer recommended:

    mpileup     parallel execution of samtools (BAM)

To get help on a particular command, call it without args.

Global options

    -q          quiet mode (do not show banner)

For bug reports and feature requests see

       https://github.com/biod/


sambamba 1.0.1
 by Artem Tarasov and Pjotr Prins (C) 2012-2023
    LDC 1.32.0 / DMD v2.102.2 / LLVM14.0.6 / bootstrap LDC - the LLVM D compiler (1.32.0)


Usage: sambamba [command] [args...]

  Available commands:

    view        view contents and convert from one format
                to another (SAM/BAM/JSON/UNPACK)
    index       build index (BAI)
    merge       merge files (BAM)
    sort        sort file (BAM)
    slice       slice file (BAM using BED)
    markdup     mark or remove duplicates (BAM)
    subsample   subsample (BAM)
    flagstat    output statistics (BAM)
    depth       output statistics (BAM)
    validate    simple validator (BAM)

  No longer recommended:

    mpileup     parallel execution of samtools (BAM)

To get help on a particular command, call it without args.

Global options

    -q          quiet mode (do not show banner)

For bug reports and feature requests see

       https://github.com/biod/


sambamba 1.0.1
 by Artem Tarasov and Pjotr Prins (C) 2012-2023
    LDC 1.32.0 / DMD v2.102.2 / LLVM14.0.6 / bootstrap LDC - the LLVM D compiler (1.32.0)


Usage: sambamba [command] [args...]

  Available commands:

    view        view contents and convert from one format
                to another (SAM/BAM/JSON/UNPACK)
    index       build index (BAI)
    merge       merge files (BAM)
    sort        sort file (BAM)
    slice       slice file (BAM using BED)
    markdup     mark or remove duplicates (BAM)
    subsample   subsample (BAM)
    flagstat    output statistics (BAM)
    depth       output statistics (BAM)
    validate    simple validator (BAM)

  No longer recommended:

    mpileup     parallel execution of samtools (BAM)

To get help on a particular command, call it without args.

Global options

    -q          quiet mode (do not show banner)

For bug reports and feature requests see

       https://github.com/biod/


sambamba 1.0.1
 by Artem Tarasov and Pjotr Prins (C) 2012-2023
    LDC 1.32.0 / DMD v2.102.2 / LLVM14.0.6 / bootstrap LDC - the LLVM D compiler (1.32.0)


Usage: sambamba [command] [args...]

  Available commands:

    view        view contents and convert from one format
                to another (SAM/BAM/JSON/UNPACK)
    index       build index (BAI)
    merge       merge files (BAM)
    sort        sort file (BAM)
    slice       slice file (BAM using BED)
    markdup     mark or remove duplicates (BAM)
    subsample   subsample (BAM)
    flagstat    output statistics (BAM)
    depth       output statistics (BAM)
    validate    simple validator (BAM)

  No longer recommended:

    mpileup     parallel execution of samtools (BAM)

To get help on a particular command, call it without args.

Global options

    -q          quiet mode (do not show banner)

For bug reports and feature requests see

       https://github.com/biod/

[2025-09-15T22:36:17.091] error: Detected 1 oom_kill event in StepId=1443307.batch. Some of the step tasks have been OOM Killed.
