
sambamba 1.0.1
 by Artem Tarasov and Pjotr Prins (C) 2012-2023
    LDC 1.32.0 / DMD v2.102.2 / LLVM14.0.6 / bootstrap LDC - the LLVM D compiler (1.32.0)


sambamba 1.0.1
 by Artem Tarasov and Pjotr Prins (C) 2012-2023
    LDC 1.32.0 / DMD v2.102.2 / LLVM14.0.6 / bootstrap LDC - the LLVM D compiler (1.32.0)

/var/spool/slurm/d/job1443683/slurm_script: line 20: 777024 Killed                  sambamba sort -t 10 --tmpdir=/users/s/r/srkeller/scratch ${NAME}.bam -o ${NAME}.sorted.bam

sambamba 1.0.1
 by Artem Tarasov and Pjotr Prins (C) 2012-2023
    LDC 1.32.0 / DMD v2.102.2 / LLVM14.0.6 / bootstrap LDC - the LLVM D compiler (1.32.0)

sambamba-markdup: Cannot open or create file '2030_57_O*.sorted.bam' : No such file or directory

sambamba 1.0.1
 by Artem Tarasov and Pjotr Prins (C) 2012-2023
    LDC 1.32.0 / DMD v2.102.2 / LLVM14.0.6 / bootstrap LDC - the LLVM D compiler (1.32.0)


Usage: sambamba [command] [args...]

  Available commands:

    view        view contents and convert from one format
                to another (SAM/BAM/JSON/UNPACK)
    index       build index (BAI)
    merge       merge files (BAM)
    sort        sort file (BAM)
    slice       slice file (BAM using BED)
    markdup     mark or remove duplicates (BAM)
    subsample   subsample (BAM)
    flagstat    output statistics (BAM)
    depth       output statistics (BAM)
    validate    simple validator (BAM)

  No longer recommended:

    mpileup     parallel execution of samtools (BAM)

To get help on a particular command, call it without args.

Global options

    -q          quiet mode (do not show banner)

For bug reports and feature requests see

       https://github.com/biod/

[2025-09-15T23:16:14.939] error: Detected 1 oom_kill event in StepId=1443683.batch. Some of the step tasks have been OOM Killed.
